# JRE version: Java(TM) SE Runtime Environment (8.0_172-b11) (build 1.8.0_172-b11)
# Java VM: Java HotSpot(TM) 64-Bit Server VM (25.172-b11 mixed mode windows-amd64 compressed oops)
Heap:
 PSYoungGen      total 16896K, used 4695K [0x00000000ed980000, 0x00000000efa80000, 0x0000000100000000)
  eden space 14848K, 17% used [0x00000000ed980000,0x00000000edc19f80,0x00000000ee800000)
  from space 2048K, 99% used [0x00000000eea00000,0x00000000eebfc030,0x00000000eec00000)
  to   space 2048K, 0% used [0x00000000ee800000,0x00000000ee800000,0x00000000eea00000)
 ParOldGen       total 38400K, used 4439K [0x00000000c8c00000, 0x00000000cb180000, 0x00000000ed980000)
  object space 38400K, 11% used [0x00000000c8c00000,0x00000000c9055e88,0x00000000cb180000)
 Metaspace       used 15435K, capacity 15944K, committed 16128K, reserved 1062912K
  class space    used 2027K, capacity 2179K, committed 2304K, reserved 1048576K
GC Heap History (4 events):
Event: 0.467 GC heap before
{Heap before GC invocations=1 (full 0):
 PSYoungGen      total 16896K, used 14847K [0x00000000ed980000, 0x00000000eec00000, 0x0000000100000000)
  eden space 14848K, 99% used [0x00000000ed980000,0x00000000ee7fffb0,0x00000000ee800000)
  from space 2048K, 0% used [0x00000000eea00000,0x00000000eea00000,0x00000000eec00000)
  to   space 2048K, 0% used [0x00000000ee800000,0x00000000ee800000,0x00000000eea00000)
 ParOldGen       total 38400K, used 0K [0x00000000c8c00000, 0x00000000cb180000, 0x00000000ed980000)
  object space 38400K, 0% used [0x00000000c8c00000,0x00000000c8c00000,0x00000000cb180000)
 Metaspace       used 10491K, capacity 10848K, committed 11136K, reserved 1058816K
  class space    used 1254K, capacity 1394K, committed 1408K, reserved 1048576K
Event: 0.470 GC heap after
Heap after GC invocations=1 (full 0):
 PSYoungGen      total 16896K, used 2016K [0x00000000ed980000, 0x00000000eec00000, 0x0000000100000000)
  eden space 14848K, 0% used [0x00000000ed980000,0x00000000ed980000,0x00000000ee800000)
  from space 2048K, 98% used [0x00000000ee800000,0x00000000ee9f8040,0x00000000eea00000)
  to   space 2048K, 0% used [0x00000000eea00000,0x00000000eea00000,0x00000000eec00000)
 ParOldGen       total 38400K, used 568K [0x00000000c8c00000, 0x00000000cb180000, 0x00000000ed980000)
  object space 38400K, 1% used [0x00000000c8c00000,0x00000000c8c8e198,0x00000000cb180000)
 Metaspace       used 10491K, capacity 10848K, committed 11136K, reserved 1058816K
  class space    used 1254K, capacity 1394K, committed 1408K, reserved 1048576K
}
Event: 0.824 GC heap before
{Heap before GC invocations=2 (full 0):
 PSYoungGen      total 16896K, used 16843K [0x00000000ed980000, 0x00000000eec00000, 0x0000000100000000)
  eden space 14848K, 99% used [0x00000000ed980000,0x00000000ee7fac58,0x00000000ee800000)
  from space 2048K, 98% used [0x00000000ee800000,0x00000000ee9f8040,0x00000000eea00000)
  to   space 2048K, 0% used [0x00000000eea00000,0x00000000eea00000,0x00000000eec00000)
 ParOldGen       total 38400K, used 568K [0x00000000c8c00000, 0x00000000cb180000, 0x00000000ed980000)
  object space 38400K, 1% used [0x00000000c8c00000,0x00000000c8c8e198,0x00000000cb180000)
 Metaspace       used 14835K, capacity 15320K, committed 15488K, reserved 1062912K
  class space    used 1946K, capacity 2097K, committed 2176K, reserved 1048576K
Event: 0.834 GC heap after
Heap after GC invocations=2 (full 0):
 PSYoungGen      total 16896K, used 2032K [0x00000000ed980000, 0x00000000efa80000, 0x0000000100000000)
  eden space 14848K, 0% used [0x00000000ed980000,0x00000000ed980000,0x00000000ee800000)
  from space 2048K, 99% used [0x00000000eea00000,0x00000000eebfc030,0x00000000eec00000)
  to   space 2048K, 0% used [0x00000000ee800000,0x00000000ee800000,0x00000000eea00000)
 ParOldGen       total 38400K, used 4439K [0x00000000c8c00000, 0x00000000cb180000, 0x00000000ed980000)
  object space 38400K, 11% used [0x00000000c8c00000,0x00000000c9055e88,0x00000000cb180000)
 Metaspace       used 14835K, capacity 15320K, committed 15488K, reserved 1062912K
  class space    used 1946K, capacity 2097K, committed 2176K, reserved 1048576K
}

