# JRE version: Java(TM) SE Runtime Environment (8.0_172-b11) (build 1.8.0_172-b11)
# Java VM: Java HotSpot(TM) 64-Bit Server VM (25.172-b11 mixed mode windows-amd64 compressed oops)
Heap:
 PSYoungGen      total 31744K, used 4914K [0x00000000ed980000, 0x00000000efa80000, 0x0000000100000000)
  eden space 29696K, 9% used [0x00000000ed980000,0x00000000edc50ae0,0x00000000ef680000)
  from space 2048K, 99% used [0x00000000ef880000,0x00000000efa7c030,0x00000000efa80000)
  to   space 2048K, 0% used [0x00000000ef680000,0x00000000ef680000,0x00000000ef880000)
 ParOldGen       total 38400K, used 4399K [0x00000000c8c00000, 0x00000000cb180000, 0x00000000ed980000)
  object space 38400K, 11% used [0x00000000c8c00000,0x00000000c904beb8,0x00000000cb180000)
 Metaspace       used 15423K, capacity 15944K, committed 16128K, reserved 1062912K
  class space    used 2026K, capacity 2179K, committed 2304K, reserved 1048576K
GC Heap History (4 events):
Event: 0.594 GC heap before
{Heap before GC invocations=1 (full 0):
 PSYoungGen      total 16896K, used 14848K [0x00000000ed980000, 0x00000000eec00000, 0x0000000100000000)
  eden space 14848K, 100% used [0x00000000ed980000,0x00000000ee800000,0x00000000ee800000)
  from space 2048K, 0% used [0x00000000eea00000,0x00000000eea00000,0x00000000eec00000)
  to   space 2048K, 0% used [0x00000000ee800000,0x00000000ee800000,0x00000000eea00000)
 ParOldGen       total 38400K, used 0K [0x00000000c8c00000, 0x00000000cb180000, 0x00000000ed980000)
  object space 38400K, 0% used [0x00000000c8c00000,0x00000000c8c00000,0x00000000cb180000)
 Metaspace       used 10513K, capacity 10912K, committed 11136K, reserved 1058816K
  class space    used 1254K, capacity 1394K, committed 1408K, reserved 1048576K
Event: 0.606 GC heap after
Heap after GC invocations=1 (full 0):
 PSYoungGen      total 16896K, used 2032K [0x00000000ed980000, 0x00000000efa80000, 0x0000000100000000)
  eden space 14848K, 0% used [0x00000000ed980000,0x00000000ed980000,0x00000000ee800000)
  from space 2048K, 99% used [0x00000000ee800000,0x00000000ee9fc030,0x00000000eea00000)
  to   space 2048K, 0% used [0x00000000ef880000,0x00000000ef880000,0x00000000efa80000)
 ParOldGen       total 38400K, used 568K [0x00000000c8c00000, 0x00000000cb180000, 0x00000000ed980000)
  object space 38400K, 1% used [0x00000000c8c00000,0x00000000c8c8e188,0x00000000cb180000)
 Metaspace       used 10513K, capacity 10912K, committed 11136K, reserved 1058816K
  class space    used 1254K, capacity 1394K, committed 1408K, reserved 1048576K
}
Event: 0.994 GC heap before
{Heap before GC invocations=2 (full 0):
 PSYoungGen      total 16896K, used 16858K [0x00000000ed980000, 0x00000000efa80000, 0x0000000100000000)
  eden space 14848K, 99% used [0x00000000ed980000,0x00000000ee7fa9a0,0x00000000ee800000)
  from space 2048K, 99% used [0x00000000ee800000,0x00000000ee9fc030,0x00000000eea00000)
  to   space 2048K, 0% used [0x00000000ef880000,0x00000000ef880000,0x00000000efa80000)
 ParOldGen       total 38400K, used 568K [0x00000000c8c00000, 0x00000000cb180000, 0x00000000ed980000)
  object space 38400K, 1% used [0x00000000c8c00000,0x00000000c8c8e188,0x00000000cb180000)
 Metaspace       used 14833K, capacity 15376K, committed 15488K, reserved 1062912K
  class space    used 1941K, capacity 2095K, committed 2176K, reserved 1048576K
Event: 1.011 GC heap after
Heap after GC invocations=2 (full 0):
 PSYoungGen      total 31744K, used 2032K [0x00000000ed980000, 0x00000000efa80000, 0x0000000100000000)
  eden space 29696K, 0% used [0x00000000ed980000,0x00000000ed980000,0x00000000ef680000)
  from space 2048K, 99% used [0x00000000ef880000,0x00000000efa7c030,0x00000000efa80000)
  to   space 2048K, 0% used [0x00000000ef680000,0x00000000ef680000,0x00000000ef880000)
 ParOldGen       total 38400K, used 4399K [0x00000000c8c00000, 0x00000000cb180000, 0x00000000ed980000)
  object space 38400K, 11% used [0x00000000c8c00000,0x00000000c904beb8,0x00000000cb180000)
 Metaspace       used 14833K, capacity 15376K, committed 15488K, reserved 1062912K
  class space    used 1941K, capacity 2095K, committed 2176K, reserved 1048576K
}

